{
  "RSpec": {
    "coverage": {
      "/home/Alex_Velasquez/tic-tac-toe-rb-online-web-sp-000/lib/tic_tac_toe.rb": [
        null,
        1,
        null,
        null,
        null,
        null,
        null,
        null,
        null,
        null,
        null,
        1,
        5,
        5,
        null,
        5,
        5,
        5,
        5,
        5,
        null,
        null,
        1,
        12,
        12,
        12,
        null,
        null,
        1,
        3,
        null,
        null,
        1,
        14,
        11,
        null,
        3,
        null,
        null,
        null,
        1,
        12,
        9,
        null,
        3,
        null,
        null,
        null,
        1,
        9,
        9,
        9,
        9,
        8,
        0,
        null,
        1,
        null,
        null,
        null,
        1,
        2,
        2,
        18,
        5,
        null,
        null,
        2,
        null,
        null,
        1,
        1,
        null,
        null,
        1,
        36,
        512,
        14,
        439,
        6,
        null,
        null,
        16,
        null,
        null,
        1,
        16,
        83,
        null,
        null,
        null,
        1,
        10,
        null,
        null,
        1,
        11,
        7,
        null,
        4,
        null,
        null,
        null,
        1,
        6,
        5,
        null,
        null,
        null,
        1,
        12,
        7,
        null,
        null,
        5,
        3,
        2,
        2,
        null,
        null,
        null,
        null
      ]
    },
    "timestamp": 1562785408
  }
}
